<?xml version="1.0" encoding="UTF-8"?>
<!-- Generated by org.testng.reporters.JUnitReportReporter -->
<testsuite hostname="LAPTOP-835TTK12" failures="0" tests="4" name="TEST.testClass" time="107.643" errors="0" timestamp="2023-02-11T16:01:44 IST" skipped="0">
  <testcase classname="TEST.testClass" name="click1" time="28.311"/>
  <system-out/>
  <testcase classname="TEST.testClass" name="click2" time="26.964"/>
  <system-out/>
  <testcase classname="TEST.testClass" name="click3" time="26.826"/>
  <system-out/>
  <testcase classname="TEST.testClass" name="click4" time="25.542"/>
  <system-out/>
</testsuite> <!-- TEST.testClass -->
